<?xml version="1.0" encoding="UTF-8"?>
<testng-results ignored="0" total="1" passed="1" failed="0" skipped="0">
  <reporter-output>
  </reporter-output>
  <suite started-at="2021-06-12T10:53:49 EDT" name="Surefire suite" finished-at="2021-06-12T10:54:19 EDT" duration-ms="29746">
    <groups>
    </groups>
    <test started-at="2021-06-12T10:53:49 EDT" name="Surefire test" finished-at="2021-06-12T10:54:19 EDT" duration-ms="29746">
      <class name="com.PRregressionSuite.TestScripts_PR_Regression">
        <test-method is-config="true" signature="setUpSuite()[pri:0, instance:com.PRregressionSuite.TestScripts_PR_Regression@51399530]" started-at="2021-06-12T10:53:49 EDT" name="setUpSuite" finished-at="2021-06-12T10:53:49 EDT" duration-ms="24" status="PASS">
          <reporter-output>
          </reporter-output>
        </test-method> <!-- setUpSuite -->
        <test-method is-config="true" signature="StartBrowser()[pri:0, instance:com.PRregressionSuite.TestScripts_PR_Regression@51399530]" started-at="2021-06-12T10:53:50 EDT" name="StartBrowser" finished-at="2021-06-12T10:53:57 EDT" duration-ms="7883" status="PASS">
          <reporter-output>
          </reporter-output>
        </test-method> <!-- StartBrowser -->
        <test-method signature="LoginValidation(java.lang.String, java.lang.String)[pri:0, instance:com.PRregressionSuite.TestScripts_PR_Regression@51399530]" started-at="2021-06-12T10:54:01 EDT" name="LoginValidation" data-provider="getLoginTestData" finished-at="2021-06-12T10:54:18 EDT" duration-ms="17275" status="PASS">
          <params>
            <param index="0">
              <value>
                <![CDATA[akhtersalma68@gmail.com]]>
              </value>
            </param>
            <param index="1">
              <value>
                <![CDATA[SanjidHasan04$]]>
              </value>
            </param>
          </params>
          <reporter-output>
          </reporter-output>
        </test-method> <!-- LoginValidation -->
        <test-method is-config="true" signature="tearDownMethod(org.testng.ITestResult)[pri:0, instance:com.PRregressionSuite.TestScripts_PR_Regression@51399530]" started-at="2021-06-12T10:54:18 EDT" name="tearDownMethod" finished-at="2021-06-12T10:54:18 EDT" duration-ms="2" status="PASS">
          <params>
            <param index="0">
              <value>
                <![CDATA[[TestResult name=LoginValidation status=SUCCESS method=TestScripts_PR_Regression.LoginValidation(java.lang.String, java.lang.String)[pri:0, instance:com.PRregressionSuite.TestScripts_PR_Regression@51399530] output={null}]]]>
              </value>
            </param>
          </params>
          <reporter-output>
          </reporter-output>
        </test-method> <!-- tearDownMethod -->
        <test-method is-config="true" signature="CloseBrowser()[pri:0, instance:com.PRregressionSuite.TestScripts_PR_Regression@51399530]" started-at="2021-06-12T10:54:18 EDT" name="CloseBrowser" finished-at="2021-06-12T10:54:19 EDT" duration-ms="956" status="PASS">
          <reporter-output>
          </reporter-output>
        </test-method> <!-- CloseBrowser -->
      </class> <!-- com.PRregressionSuite.TestScripts_PR_Regression -->
    </test> <!-- Surefire test -->
  </suite> <!-- Surefire suite -->
</testng-results>
